0 info it worked if it ends with ok
1 verbose cli [ '/Users/parthmody/Desktop/aem-playground/sfi-aem/content/node/node',
1 verbose cli   '/Users/parthmody/Desktop/aem-playground/sfi-aem/content/node/npm/bin/npm-cli.js',
1 verbose cli   'install',
1 verbose cli   '--color=false' ]
2 info using npm@1.4.21
3 info using node@v0.10.30
4 error install Couldn't read dependencies
5 error package.json ENOENT, open '/Users/parthmody/Desktop/aem-playground/sfi-aem/content/package.json'
5 error package.json This is most likely not a problem with npm itself.
5 error package.json npm can't find a package.json file in your current directory.
6 error System Darwin 17.5.0
7 error command "/Users/parthmody/Desktop/aem-playground/sfi-aem/content/node/node" "/Users/parthmody/Desktop/aem-playground/sfi-aem/content/node/npm/bin/npm-cli.js" "install" "--color=false"
8 error cwd /Users/parthmody/Desktop/aem-playground/sfi-aem/content
9 error node -v v0.10.30
10 error npm -v 1.4.21
11 error path /Users/parthmody/Desktop/aem-playground/sfi-aem/content/package.json
12 error code ENOPACKAGEJSON
13 error errno 34
14 verbose exit [ 34, true ]
